<?xml version="1.0" encoding="UTF-8"?>
<!-- Generated by org.testng.reporters.JUnitReportReporter -->
<testsuite hostname="DESKTOP-KIGLD1P" name="Test01.Test001" tests="1" failures="0" timestamp="31 May 2018 03:17:26 GMT" time="0.008" errors="0">
  <testcase name="a" time="0.008" classname="Test01.Test001"/>
</testsuite> <!-- Test01.Test001 -->
